<?xml version="1.0" encoding="UTF-8"?>
<!-- Generated by org.testng.reporters.JUnitReportReporter -->
<testsuite hostname="Divya" failures="0" tests="1" name="OOPS2" time="0.012" errors="0" timestamp="2025-02-26T17:30:17 IST" skipped="0">
  <testcase classname="OOPS2" name="testRun" time="0.012"/>
  <system-out/>
</testsuite> <!-- OOPS2 -->
